<?xml version="1.0" encoding="utf-8"?><testsuites name="pytest tests"><testsuite name="pytest" errors="0" failures="0" skipped="0" tests="36" time="18.237" timestamp="2026-09-20T08:54:11.243464+00:00" hostname="agent-env-f3e775e8-2612-4c12-b8ec-f1a4a30becf4"><testcase classname="tests.backend_test.TestAuth" name="test_me_bearer" time="0.331" /><testcase classname="tests.backend_test.TestAuth" name="test_me_no_token" time="0.169" /><testcase classname="tests.backend_test.TestAuth" name="test_me_invalid_token" time="0.106" /><testcase classname="tests.backend_test.TestAuth" name="test_docs_requires_auth" time="0.115" /><testcase classname="tests.backend_test.TestExtraction" name="test_doc_detail" time="1.142" /><testcase classname="tests.backend_test.TestExtraction" name="test_deterministic_normalization" time="0.132" /><testcase classname="tests.backend_test.TestCellEdit" name="test_edit" time="0.414" /><testcase classname="tests.backend_test.TestValidate" name="test_validate" time="0.243" /><testcase classname="tests.backend_test.TestExport" name="test_export_download[xlsx-sheet]" time="0.138" /><testcase classname="tests.backend_test.TestExport" name="test_export_download[csv-csv]" time="0.118" /><testcase classname="tests.backend_test.TestExport" name="test_export_download[json-json]" time="0.141" /><testcase classname="tests.backend_test.TestExport" name="test_estado_exportado" time="0.251" /><testcase classname="tests.backend_test.TestHistory" name="test_list" time="0.118" /><testcase classname="tests.backend_test.TestHistory" name="test_user_isolation" time="0.667" /><testcase classname="tests.backend_test.TestHistory" name="test_delete" time="0.232" /><testcase classname="tests.backend_test.TestPdfFile" name="test_get_pdf_file" time="0.973" /><testcase classname="tests.backend_test.TestPdfFile" name="test_pdf_file_requires_auth" time="0.112" /><testcase classname="tests.backend_test.TestPdfFile" name="test_pdf_file_deleted_with_doc" time="1.127" /><testcase classname="tests.backend_test.TestCellMetadata" name="test_cell_shape" time="0.108" /><testcase classname="tests.backend_test.TestColumnType" name="test_invalid_type_400" time="0.236" /><testcase classname="tests.backend_test.TestColumnType" name="test_text_to_date_lowers_confidence" time="0.347" /><testcase classname="tests.backend_test.TestColumnType" name="test_edited_cells_preserved_on_type_change" time="0.594" /><testcase classname="tests.backend_test.TestBatchExport" name="test_empty_ids_400" time="0.120" /><testcase classname="tests.backend_test.TestBatchExport" name="test_batch_xlsx" time="1.569" /><testcase classname="tests.backend_test.TestBatchExport" name="test_batch_csv_zip" time="0.118" /><testcase classname="tests.backend_test.TestBatchExport" name="test_batch_json_zip" time="0.127" /><testcase classname="tests.backend_test.TestBatchExport" name="test_batch_marks_exportado" time="0.226" /><testcase classname="tests.backend_test.TestBatchExport" name="test_batch_invalid_format" time="0.382" /><testcase classname="tests.backend_test.TestCellState" name="test_set_cell_state_roundtrip" time="0.576" /><testcase classname="tests.backend_test.TestCellState" name="test_cell_state_requires_auth" time="0.224" /><testcase classname="tests.backend_test.TestCellState" name="test_cell_state_unknown_table_404" time="0.116" /><testcase classname="tests.backend_test.TestCellState" name="test_cell_state_unknown_cell_404" time="0.249" /><testcase classname="tests.backend_test.TestReprocessOcr" name="test_reprocess_forces_ocr_method" time="4.599" /><testcase classname="tests.backend_test.TestReprocessOcr" name="test_reprocess_requires_auth" time="0.132" /><testcase classname="tests.backend_test.TestReprocessOcr" name="test_reprocess_unknown_doc_404" time="0.117" /><testcase classname="tests.backend_test.TestMultiPage" name="test_multi_upload" time="1.655" /></testsuite></testsuites>