<?xml version="1.0" encoding="utf-8"?><testsuites name="pytest tests"><testsuite name="pytest" errors="0" failures="0" skipped="0" tests="48" time="70.460" timestamp="2026-09-20T11:20:10.162199+00:00" hostname="agent-env-f3e775e8-2612-4c12-b8ec-f1a4a30becf4"><testcase classname="tests.backend_test.TestAuth" name="test_me_bearer" time="0.176" /><testcase classname="tests.backend_test.TestAuth" name="test_me_no_token" time="0.113" /><testcase classname="tests.backend_test.TestAuth" name="test_me_invalid_token" time="0.111" /><testcase classname="tests.backend_test.TestAuth" name="test_docs_requires_auth" time="0.134" /><testcase classname="tests.backend_test.TestExtraction" name="test_doc_detail" time="1.045" /><testcase classname="tests.backend_test.TestExtraction" name="test_deterministic_normalization" time="0.152" /><testcase classname="tests.backend_test.TestCellEdit" name="test_edit" time="0.336" /><testcase classname="tests.backend_test.TestValidate" name="test_validate" time="19.932" /><testcase classname="tests.backend_test.TestExport" name="test_export_download[xlsx-sheet]" time="12.401" /><testcase classname="tests.backend_test.TestExport" name="test_export_download[csv-csv]" time="0.160" /><testcase classname="tests.backend_test.TestExport" name="test_export_download[json-json]" time="0.118" /><testcase classname="tests.backend_test.TestExport" name="test_estado_exportado" time="0.240" /><testcase classname="tests.backend_test.TestHistory" name="test_list" time="0.116" /><testcase classname="tests.backend_test.TestHistory" name="test_user_isolation" time="0.563" /><testcase classname="tests.backend_test.TestHistory" name="test_delete" time="0.241" /><testcase classname="tests.backend_test.TestPdfFile" name="test_get_pdf_file" time="1.178" /><testcase classname="tests.backend_test.TestPdfFile" name="test_pdf_file_requires_auth" time="0.111" /><testcase classname="tests.backend_test.TestPdfFile" name="test_pdf_file_deleted_with_doc" time="12.568" /><testcase classname="tests.backend_test.TestObjectStorage" name="test_upload_stores_reference_in_object_storage" time="1.823" /><testcase classname="tests.backend_test.TestObjectStorage" name="test_reprocess_loads_from_object_storage" time="2.664" /><testcase classname="tests.backend_test.TestObjectStorage" name="test_cross_user_cannot_read_file" time="1.581" /><testcase classname="tests.backend_test.TestObjectStorage" name="test_delete_removes_pdf_files_reference" time="1.914" /><testcase classname="tests.backend_test.TestCellMetadata" name="test_cell_shape" time="0.120" /><testcase classname="tests.backend_test.TestColumnType" name="test_invalid_type_400" time="0.227" /><testcase classname="tests.backend_test.TestColumnType" name="test_text_to_date_lowers_confidence" time="0.352" /><testcase classname="tests.backend_test.TestColumnType" name="test_edited_cells_preserved_on_type_change" time="0.618" /><testcase classname="tests.backend_test.TestBatchExport" name="test_empty_ids_400" time="0.135" /><testcase classname="tests.backend_test.TestBatchExport" name="test_batch_xlsx" time="2.047" /><testcase classname="tests.backend_test.TestBatchExport" name="test_batch_csv_zip" time="0.117" /><testcase classname="tests.backend_test.TestBatchExport" name="test_batch_json_zip" time="0.124" /><testcase classname="tests.backend_test.TestBatchExport" name="test_batch_marks_exportado" time="0.246" /><testcase classname="tests.backend_test.TestBatchExport" name="test_batch_invalid_format" time="0.359" /><testcase classname="tests.backend_test.TestCellState" name="test_set_cell_state_roundtrip" time="0.626" /><testcase classname="tests.backend_test.TestCellState" name="test_cell_state_requires_auth" time="0.263" /><testcase classname="tests.backend_test.TestCellState" name="test_cell_state_unknown_table_404" time="0.132" /><testcase classname="tests.backend_test.TestCellState" name="test_cell_state_unknown_cell_404" time="0.258" /><testcase classname="tests.backend_test.TestReprocessOcr" name="test_reprocess_forces_ocr_method" time="2.681" /><testcase classname="tests.backend_test.TestReprocessOcr" name="test_reprocess_requires_auth" time="0.109" /><testcase classname="tests.backend_test.TestReprocessOcr" name="test_reprocess_unknown_doc_404" time="0.161" /><testcase classname="tests.backend_test.TestMultiPage" name="test_multi_upload" time="0.654" /><testcase classname="tests.backend_test.TestDateAutofill" name="test_autofill_detects_and_reparses" time="1.304" /><testcase classname="tests.backend_test.TestDateAutofill" name="test_autofill_preserves_edited" time="0.454" /><testcase classname="tests.backend_test.TestDateAutofill" name="test_autofill_requires_auth" time="0.272" /><testcase classname="tests.backend_test.TestDateAutofill" name="test_autofill_unknown_table_404" time="0.113" /><testcase classname="tests.backend_test.TestColumnRules" name="test_set_and_persist_rules" time="0.363" /><testcase classname="tests.backend_test.TestColumnRules" name="test_empty_rule_removes" time="0.381" /><testcase classname="tests.backend_test.TestColumnRules" name="test_rules_requires_auth" time="0.253" /><testcase classname="tests.backend_test.TestColumnRules" name="test_rules_unknown_table_404" time="0.339" /></testsuite></testsuites>